<?xml version="1.0" encoding="utf-8"?><testsuites name="pytest tests"><testsuite name="pytest" errors="0" failures="0" skipped="0" tests="13" time="3.529" timestamp="2026-07-04T20:40:12.334933+00:00" hostname="agent-env-1bd81832-ae7c-4fbf-92a0-7b763ef2f527"><testcase classname="backend.tests.test_build56_privacy_propagation.TestLocationSharingPropagation" name="test_baseline_members_include_flag_default_true" time="0.345" /><testcase classname="backend.tests.test_build56_privacy_propagation.TestLocationSharingPropagation" name="test_toggle_off_propagates_to_own_member" time="0.885" /><testcase classname="backend.tests.test_build56_privacy_propagation.TestLocationSharingPropagation" name="test_toggle_on_restores_flag_but_not_coords" time="0.283" /><testcase classname="backend.tests.test_build56_privacy_propagation.TestLocationUploadPrivacyBelt" name="test_upload_suppressed_when_own_sharing_off" time="0.508" /><testcase classname="backend.tests.test_build56_privacy_propagation.TestLocationUploadPrivacyBelt" name="test_upload_works_when_sharing_on" time="0.194" /><testcase classname="backend.tests.test_build56_privacy_propagation.TestBlankPushDefense" name="test_would_render_blank_rules" time="0.034" /><testcase classname="backend.tests.test_build56_privacy_propagation.TestRefreshTraceHygiene" name="test_member_not_found_not_traced" time="0.195" /><testcase classname="backend.tests.test_build56_privacy_propagation.TestBuild55Regression" name="test_patch_auth_me_partial" time="0.096" /><testcase classname="backend.tests.test_build56_privacy_propagation.TestBuild55Regression" name="test_patch_auth_me_rejects_short_name" time="0.100" /><testcase classname="backend.tests.test_build56_privacy_propagation.TestBuild55Regression" name="test_patch_auth_me_rejects_bad_tz" time="0.094" /><testcase classname="backend.tests.test_build56_privacy_propagation.TestBuild55Regression" name="test_get_prefs_contains_all_fields" time="0.097" /><testcase classname="backend.tests.test_build56_privacy_propagation.TestBuild55Regression" name="test_put_prefs_quiet_hours_only_preserves_location_sharing" time="0.314" /><testcase classname="backend.tests.test_build56_privacy_propagation.TestBuild55Regression" name="test_put_prefs_both_together" time="0.302" /></testsuite></testsuites>