<?xml version="1.0" encoding="utf-8"?><testsuites name="pytest tests"><testsuite name="pytest" errors="0" failures="0" skipped="0" tests="15" time="8.089" timestamp="2026-05-12T20:22:28.880818+00:00" hostname="agent-env-1bd81832-ae7c-4fbf-92a0-7b763ef2f527"><testcase classname="backend.tests.test_iter5_features.TestWeeklyCompliance" name="test_initial_compliance_null" time="0.804" /><testcase classname="backend.tests.test_iter5_features.TestWeeklyCompliance" name="test_one_taken_yields_100" time="1.191" /><testcase classname="backend.tests.test_iter5_features.TestWeeklyCompliance" name="test_then_one_missed_yields_50" time="1.123" /><testcase classname="backend.tests.test_iter5_features.TestWeeklyCompliance" name="test_routine_marks_do_not_affect_compliance" time="0.634" /><testcase classname="backend.tests.test_iter5_features.TestIter4Regression" name="test_signup_timezone_accepts" time="0.361" /><testcase classname="backend.tests.test_iter5_features.TestIter4Regression" name="test_put_timezone_invalid_rejected" time="0.117" /><testcase classname="backend.tests.test_iter5_features.TestIter4Regression" name="test_put_timezone_valid" time="0.270" /><testcase classname="backend.tests.test_iter5_features.TestIter4Regression" name="test_push_token_invalid_format" time="0.113" /><testcase classname="backend.tests.test_iter5_features.TestIter4Regression" name="test_push_token_valid_format" time="0.132" /><testcase classname="backend.tests.test_iter5_features.TestIter4Regression" name="test_history_endpoint" time="0.244" /><testcase classname="backend.tests.test_iter5_features.TestIter4Regression" name="test_sos_with_coords" time="0.373" /><testcase classname="backend.tests.test_iter5_features.TestIter4Regression" name="test_mark_missed_generates_alert" time="1.092" /><testcase classname="backend.tests.test_iter5_features.TestIter3Regression" name="test_login_works" time="0.685" /><testcase classname="backend.tests.test_iter5_features.TestIter3Regression" name="test_create_member_and_reminder" time="0.490" /><testcase classname="backend.tests.test_iter5_features.TestIter3Regression" name="test_checkin_flow" time="0.366" /></testsuite></testsuites>