<?xml version="1.0" encoding="utf-8"?><testsuites name="pytest tests"><testsuite name="pytest" errors="0" failures="0" skipped="0" tests="14" time="4.485" timestamp="2026-05-12T19:50:18.109462+00:00" hostname="agent-env-1bd81832-ae7c-4fbf-92a0-7b763ef2f527"><testcase classname="backend.tests.test_iter4_features.TestTimezone" name="test_signup_persists_timezone" time="0.682" /><testcase classname="backend.tests.test_iter4_features.TestTimezone" name="test_signup_default_utc_when_omitted" time="0.426" /><testcase classname="backend.tests.test_iter4_features.TestTimezone" name="test_put_timezone_valid" time="0.236" /><testcase classname="backend.tests.test_iter4_features.TestTimezone" name="test_put_timezone_invalid" time="0.078" /><testcase classname="backend.tests.test_iter4_features.TestPushToken" name="test_register_valid_push_token" time="0.074" /><testcase classname="backend.tests.test_iter4_features.TestPushToken" name="test_register_invalid_push_token" time="0.065" /><testcase classname="backend.tests.test_iter4_features.TestPushToken" name="test_addToSet_dedup" time="0.202" /><testcase classname="backend.tests.test_iter4_features.TestSignupSeed" name="test_seeds_3_meds_4_routines_for_james" time="0.149" /><testcase classname="backend.tests.test_iter4_features.TestMedicationHistory" name="test_mark_creates_medication_log_and_history" time="0.813" /><testcase classname="backend.tests.test_iter4_features.TestMedicationHistory" name="test_history_invalid_member_404" time="0.066" /><testcase classname="backend.tests.test_iter4_features.TestCascadeDelete" name="test_delete_member_cascades_logs" time="0.991" /><testcase classname="backend.tests.test_iter4_features.TestSOSLocalized" name="test_sos_alert_message_in_user_tz" time="0.438" /><testcase classname="backend.tests.test_iter4_features.TestIter3Regression" name="test_summary_includes_tz" time="0.071" /><testcase classname="backend.tests.test_iter4_features.TestIter3Regression" name="test_alerts_message_includes_tz_label" time="0.070" /></testsuite></testsuites>