<?xml version="1.0" encoding="utf-8"?><testsuites name="pytest tests"><testsuite name="pytest" errors="0" failures="0" skipped="0" tests="17" time="3.284" timestamp="2026-05-12T18:08:07.173585+00:00" hostname="agent-env-1bd81832-ae7c-4fbf-92a0-7b763ef2f527"><testcase classname="backend.tests.test_iter3_features.TestSignupSeed" name="test_james_has_3_meds_and_4_routines" time="0.755" /><testcase classname="backend.tests.test_iter3_features.TestSignupSeed" name="test_james_has_default_checkin_time" time="0.000" /><testcase classname="backend.tests.test_iter3_features.TestSignupSeed" name="test_gregory_no_checkin_time" time="0.000" /><testcase classname="backend.tests.test_iter3_features.TestReminders" name="test_create_medication_reminder" time="0.072" /><testcase classname="backend.tests.test_iter3_features.TestReminders" name="test_create_routine_reminder" time="0.091" /><testcase classname="backend.tests.test_iter3_features.TestReminders" name="test_mark_taken_no_alert" time="0.318" /><testcase classname="backend.tests.test_iter3_features.TestReminders" name="test_mark_missed_creates_alert" time="0.291" /><testcase classname="backend.tests.test_iter3_features.TestReminders" name="test_mark_missed_routine_creates_routine_alert" time="0.174" /><testcase classname="backend.tests.test_iter3_features.TestReminders" name="test_delete_reminder" time="0.230" /><testcase classname="backend.tests.test_iter3_features.TestCheckinSystem" name="test_update_checkin_time" time="0.075" /><testcase classname="backend.tests.test_iter3_features.TestCheckinSystem" name="test_disable_checkin_with_null" time="0.071" /><testcase classname="backend.tests.test_iter3_features.TestCheckinSystem" name="test_invalid_time_format_rejected" time="0.069" /><testcase classname="backend.tests.test_iter3_features.TestCheckinSystem" name="test_create_checkin_acks_missed_alerts" time="0.454" /><testcase classname="backend.tests.test_iter3_features.TestSummary" name="test_summary_structure" time="0.072" /><testcase classname="backend.tests.test_iter3_features.TestSummary" name="test_summary_reflects_checkin" time="0.086" /><testcase classname="backend.tests.test_iter3_features.TestSOS" name="test_sos_with_coords" time="0.161" /><testcase classname="backend.tests.test_iter3_features.TestSOS" name="test_sos_for_member" time="0.140" /></testsuite></testsuites>