<?xml version="1.0" encoding="utf-8"?><testsuites name="pytest tests"><testsuite name="pytest" errors="0" failures="0" skipped="0" tests="10" time="7.648" timestamp="2026-07-07T21:04:21.944252+00:00" hostname="agent-env-1bd81832-ae7c-4fbf-92a0-7b763ef2f527"><testcase classname="backend.tests.test_build59_ensure_self_member_row" name="test_existing_placeholder_is_preserved_not_clobbered" time="0.031" /><testcase classname="backend.tests.test_build59_ensure_self_member_row" name="test_no_placeholder_creates_fresh_row_with_invite_metadata" time="0.032" /><testcase classname="backend.tests.test_build59_ensure_self_member_row" name="test_existing_user_joining_gets_self_member_row" time="0.028" /><testcase classname="backend.tests.test_build59_ensure_self_member_row" name="test_brand_new_user_via_signup_gets_self_member_row" time="0.028" /><testcase classname="backend.tests.test_build59_ensure_self_member_row" name="test_duplicate_acceptance_is_idempotent" time="0.028" /><testcase classname="backend.tests.test_build59_ensure_self_member_row" name="test_caregiver_and_invitee_members_query_returns_new_row" time="0.027" /><testcase classname="backend.tests.test_build59_http_invite_acceptance.TestPathA_ExistingUserJoin" name="test_path_a_end_to_end" time="2.028" /><testcase classname="backend.tests.test_build59_http_invite_acceptance.TestPathB_BrandNewSignupWithInvite" name="test_path_b_end_to_end" time="1.743" /><testcase classname="backend.tests.test_build59_http_invite_acceptance.TestAutoBindPreservation" name="test_placeholder_row_preserved" time="1.757" /><testcase classname="backend.tests.test_build59_http_invite_acceptance.TestLocationSharingDefault" name="test_default_true_on_join" time="1.635" /></testsuite></testsuites>