<?xml version="1.0" encoding="utf-8"?><testsuites name="pytest tests"><testsuite name="pytest" errors="0" failures="0" skipped="0" tests="17" time="6.455" timestamp="2026-07-01T23:15:47.454279+00:00" hostname="agent-env-1bd81832-ae7c-4fbf-92a0-7b763ef2f527"><testcase classname="backend.tests.test_build50_sos_resolve.TestSOSCleanPayload" name="test_sos_accepts_payload_without_fall_detected" time="0.210" /><testcase classname="backend.tests.test_build50_sos_resolve.TestSOSLegacyRejected" name="test_sos_rejects_legacy_fall_detected_key" time="0.064" /><testcase classname="backend.tests.test_build50_sos_resolve.TestResolveHappyPath" name="test_resolve_marks_alert_and_is_idempotent" time="0.162" /><testcase classname="backend.tests.test_build50_sos_resolve.TestResolveBogusId" name="test_resolve_returns_404_for_unknown_alert" time="0.053" /><testcase classname="backend.tests.test_build50_sos_resolve.TestResolveCrossTenant" name="test_resolve_cross_tenant_returns_404" time="0.056" /><testcase classname="backend.tests.test_build50_sos_resolve.TestAlertsListShape" name="test_get_alerts_exposes_resolved_fields" time="0.129" /><testcase classname="backend.tests.test_build50_sos_resolve.TestAckStillWorks" name="test_ack_endpoint_regression" time="0.164" /><testcase classname="backend.tests.test_build50_hotfix_migration.TestT1MigrationIdempotent" name="test_migration_idempotent_on_restart" time="4.539" /><testcase classname="backend.tests.test_build50_hotfix_migration.TestT2AlertsHaveResolvedField" name="test_every_alert_has_resolved_bool" time="0.232" /><testcase classname="backend.tests.test_build50_hotfix_migration.TestT3FreshSOSDefaultsToUnresolved" name="test_fresh_sos_alert_is_unresolved" time="0.118" /><testcase classname="backend.tests.test_build50_hotfix_migration.TestT4ResolveHappyPath" name="test_resolve_and_idempotency" time="0.175" /><testcase classname="backend.tests.test_build50_hotfix_migration.TestT5ResolveBogusReturns404" name="test_bogus_id_returns_404" time="0.058" /><testcase classname="backend.tests.test_build50_hotfix_migration.TestT5ResolveBogusReturns404" name="test_random_uuid_returns_404" time="0.061" /><testcase classname="backend.tests.test_build50_hotfix_migration.TestT6ResolveCrossTenant" name="test_cross_tenant_resolve_returns_404_and_leaves_doc_untouched" time="0.062" /><testcase classname="backend.tests.test_build50_hotfix_migration.TestT7SOSRejectsLegacyField" name="test_legacy_fall_detected_returns_422" time="0.057" /><testcase classname="backend.tests.test_build50_hotfix_migration.TestT7SOSRejectsLegacyField" name="test_completely_bogus_field_also_rejected" time="0.057" /><testcase classname="backend.tests.test_build50_hotfix_migration.TestT8DeleteAllAlerts" name="test_delete_all_alerts_smoke" time="0.115" /></testsuite></testsuites>