<?xml version="1.0" encoding="utf-8"?><testsuites name="pytest tests"><testsuite name="pytest" errors="0" failures="0" skipped="0" tests="19" time="6.893" timestamp="2026-07-07T19:02:48.050617+00:00" hostname="agent-env-1bd81832-ae7c-4fbf-92a0-7b763ef2f527"><testcase classname="backend.tests.test_build59_backend.TestP6HealMigration" name="test_heal_log_present" time="0.004" /><testcase classname="backend.tests.test_build59_backend.TestP4BillingStatus" name="test_billing_status_free_tier" time="1.278" /><testcase classname="backend.tests.test_build59_backend.TestP2OtpStatus" name="test_pending_for_never_requested_email" time="0.131" /><testcase classname="backend.tests.test_build59_backend.TestP2OtpStatus" name="test_malformed_email_rejected" time="0.158" /><testcase classname="backend.tests.test_build59_backend.TestP2OtpStatus" name="test_status_after_request_otp" time="2.478" /><testcase classname="backend.tests.test_build59_backend.TestP5FamilyInvite" name="test_invite_persists_relationship_and_role" time="0.109" /><testcase classname="backend.tests.test_build59_backend.TestP5FamilyInvite" name="test_list_invites_includes_new_fields" time="0.103" /><testcase classname="backend.tests.test_build59_backend.TestP5FamilyInvite" name="test_verify_invite_public_no_auth" time="0.115" /><testcase classname="backend.tests.test_build59_backend.TestP5FamilyInvite" name="test_bogus_role_sanitized_to_null" time="0.151" /><testcase classname="backend.tests.test_build59_backend.TestP1LocationSharingIsolation" name="test_a_and_b_share_family_group" time="1.631" /><testcase classname="backend.tests.test_build59_backend.TestP1LocationSharingIsolation" name="test_a_toggle_off_does_NOT_affect_b_row_owned_by_a" time="0.387" /><testcase classname="backend.tests.test_build59_backend.TestP1LocationSharingIsolation" name="test_b_toggle_off_only_flips_b_row" time="0.219" /><testcase classname="backend.tests.test_build59_backend.TestP3BlankPushRule" name="test_import" time="0.040" /><testcase classname="backend.tests.test_build59_backend.TestP3BlankPushRule" name="test_data_only_push_ok" time="0.000" /><testcase classname="backend.tests.test_build59_backend.TestP3BlankPushRule" name="test_short_title_blank" time="0.000" /><testcase classname="backend.tests.test_build59_backend.TestP3BlankPushRule" name="test_short_body_blank" time="0.000" /><testcase classname="backend.tests.test_build59_backend.TestP3BlankPushRule" name="test_placeholder_title_blank" time="0.000" /><testcase classname="backend.tests.test_build59_backend.TestP3BlankPushRule" name="test_meaningful_push_not_blank" time="0.000" /><testcase classname="backend.tests.test_build59_backend.TestP3RefreshPushNotDropped" name="test_refresh_path_not_in_blank_drops" time="0.000" /></testsuite></testsuites>