<?xml version="1.0" encoding="utf-8"?><testsuites name="pytest tests"><testsuite name="pytest" errors="0" failures="0" skipped="0" tests="42" time="13.616" timestamp="2026-07-07T19:03:01.525037+00:00" hostname="agent-env-1bd81832-ae7c-4fbf-92a0-7b763ef2f527"><testcase classname="backend.tests.test_build58_refresh_pipeline.TestCaseA_SharingOffShortCircuit" name="test_target_sharing_off_skips_push" time="0.772" /><testcase classname="backend.tests.test_build58_refresh_pipeline.TestCaseB_NormalPriorityRefresh" name="test_refresh_sends_with_priority_normal" time="0.850" /><testcase classname="backend.tests.test_build58_refresh_pipeline.TestCaseB_NormalPriorityRefresh" name="test_refresh_uses_silent_data_only_payload_shape" time="0.001" /><testcase classname="backend.tests.test_build58_refresh_pipeline.TestCaseC_HighPriorityDefaultsPreserved" name="test_send_expo_push_default_priority_is_high" time="0.034" /><testcase classname="backend.tests.test_build58_refresh_pipeline.TestCaseC_HighPriorityDefaultsPreserved" name="test_no_other_caller_passes_priority" time="0.001" /><testcase classname="backend.tests.test_build58_refresh_pipeline.TestCaseD_NoUserLink" name="test_unlinked_member_returns_no_user_link" time="0.695" /><testcase classname="backend.tests.test_build58_refresh_pipeline.TestCaseE_Throttle" name="test_second_refresh_within_30s_is_throttled" time="0.879" /><testcase classname="backend.tests.test_build58_refresh_pipeline.TestCaseF_MemberNotFoundQuiet" name="test_unknown_member_returns_404_and_is_quiet_in_stage_log" time="0.471" /><testcase classname="backend.tests.test_build57_privacy_indicator.TestPrivacyPropagation" name="test_toggle_off_propagates_and_logs" time="2.868" /><testcase classname="backend.tests.test_build57_privacy_indicator.TestPrivacyPropagation" name="test_no_fg_constraint_edge_case" time="2.016" /><testcase classname="backend.tests.test_build57_privacy_indicator.TestStartupMigrations" name="test_backfill_log_present" time="0.000" /><testcase classname="backend.tests.test_build57_privacy_indicator.TestStartupMigrations" name="test_consistency_sweep_ran_when_applicable" time="0.000" /><testcase classname="backend.tests.test_build56_privacy_propagation.TestLocationSharingPropagation" name="test_baseline_members_include_flag_default_true" time="0.316" /><testcase classname="backend.tests.test_build56_privacy_propagation.TestLocationSharingPropagation" name="test_toggle_off_propagates_to_own_member" time="0.966" /><testcase classname="backend.tests.test_build56_privacy_propagation.TestLocationSharingPropagation" name="test_toggle_on_restores_flag_but_not_coords" time="0.327" /><testcase classname="backend.tests.test_build56_privacy_propagation.TestLocationUploadPrivacyBelt" name="test_upload_suppressed_when_own_sharing_off" time="0.596" /><testcase classname="backend.tests.test_build56_privacy_propagation.TestLocationUploadPrivacyBelt" name="test_upload_works_when_sharing_on" time="0.253" /><testcase classname="backend.tests.test_build56_privacy_propagation.TestRefreshTraceHygiene" name="test_member_not_found_not_traced" time="0.219" /><testcase classname="backend.tests.test_build56_privacy_propagation.TestBuild55Regression" name="test_patch_auth_me_partial" time="0.110" /><testcase classname="backend.tests.test_build56_privacy_propagation.TestBuild55Regression" name="test_patch_auth_me_rejects_short_name" time="0.117" /><testcase classname="backend.tests.test_build56_privacy_propagation.TestBuild55Regression" name="test_patch_auth_me_rejects_bad_tz" time="0.167" /><testcase classname="backend.tests.test_build56_privacy_propagation.TestBuild55Regression" name="test_get_prefs_contains_all_fields" time="0.104" /><testcase classname="backend.tests.test_build56_privacy_propagation.TestBuild55Regression" name="test_put_prefs_quiet_hours_only_preserves_location_sharing" time="0.316" /><testcase classname="backend.tests.test_build56_privacy_propagation.TestBuild55Regression" name="test_put_prefs_both_together" time="0.343" /><testcase classname="backend.tests.test_build55_me_profile_prefs.TestPatchAuthMe" name="test_reject_name_too_short" time="0.007" /><testcase classname="backend.tests.test_build55_me_profile_prefs.TestPatchAuthMe" name="test_reject_name_too_long" time="0.002" /><testcase classname="backend.tests.test_build55_me_profile_prefs.TestPatchAuthMe" name="test_reject_invalid_timezone" time="0.002" /><testcase classname="backend.tests.test_build55_me_profile_prefs.TestPatchAuthMe" name="test_update_full_name_only" time="0.004" /><testcase classname="backend.tests.test_build55_me_profile_prefs.TestPatchAuthMe" name="test_update_timezone_only" time="0.005" /><testcase classname="backend.tests.test_build55_me_profile_prefs.TestPatchAuthMe" name="test_update_both_fields" time="0.003" /><testcase classname="backend.tests.test_build55_me_profile_prefs.TestPatchAuthMe" name="test_empty_body_is_noop" time="0.002" /><testcase classname="backend.tests.test_build55_me_profile_prefs.TestPatchAuthMe" name="test_name_whitespace_trim" time="0.002" /><testcase classname="backend.tests.test_build55_me_profile_prefs.TestPatchAuthMe" name="test_requires_auth" time="0.001" /><testcase classname="backend.tests.test_build55_me_profile_prefs.TestPreferencesLocationSharing" name="test_get_returns_location_sharing_field" time="0.002" /><testcase classname="backend.tests.test_build55_me_profile_prefs.TestPreferencesLocationSharing" name="test_put_partial_location_sharing_only" time="0.008" /><testcase classname="backend.tests.test_build55_me_profile_prefs.TestPreferencesLocationSharing" name="test_put_partial_quiet_hours_only_preserves_location_sharing" time="0.007" /><testcase classname="backend.tests.test_build55_me_profile_prefs.TestPreferencesLocationSharing" name="test_put_both_fields" time="0.003" /><testcase classname="backend.tests.test_build55_me_profile_prefs.TestPreferencesLocationSharing" name="test_requires_auth" time="0.002" /><testcase classname="backend.tests.test_build55_me_profile_prefs.TestRegression" name="test_get_auth_me" time="0.002" /><testcase classname="backend.tests.test_build55_me_profile_prefs.TestRegression" name="test_put_auth_timezone" time="0.003" /><testcase classname="backend.tests.test_build55_me_profile_prefs.TestRegression" name="test_put_auth_timezone_invalid" time="0.002" /><testcase classname="backend.tests.test_build55_me_profile_prefs.TestRegression" name="test_otp_signup_roundtrip_creates_fresh_user" time="0.993" /></testsuite></testsuites>