<?xml version="1.0" encoding="utf-8"?><testsuites name="pytest tests"><testsuite name="pytest" errors="0" failures="0" skipped="0" tests="10" time="5.853" timestamp="2026-07-01T23:15:36.803527+00:00" hostname="agent-env-1bd81832-ae7c-4fbf-92a0-7b763ef2f527"><testcase classname="backend.tests.test_build50_hotfix_migration.TestT1MigrationIdempotent" name="test_migration_idempotent_on_restart" time="4.624" /><testcase classname="backend.tests.test_build50_hotfix_migration.TestT2AlertsHaveResolvedField" name="test_every_alert_has_resolved_bool" time="0.277" /><testcase classname="backend.tests.test_build50_hotfix_migration.TestT3FreshSOSDefaultsToUnresolved" name="test_fresh_sos_alert_is_unresolved" time="0.136" /><testcase classname="backend.tests.test_build50_hotfix_migration.TestT4ResolveHappyPath" name="test_resolve_and_idempotency" time="0.206" /><testcase classname="backend.tests.test_build50_hotfix_migration.TestT5ResolveBogusReturns404" name="test_bogus_id_returns_404" time="0.067" /><testcase classname="backend.tests.test_build50_hotfix_migration.TestT5ResolveBogusReturns404" name="test_random_uuid_returns_404" time="0.065" /><testcase classname="backend.tests.test_build50_hotfix_migration.TestT6ResolveCrossTenant" name="test_cross_tenant_resolve_returns_404_and_leaves_doc_untouched" time="0.066" /><testcase classname="backend.tests.test_build50_hotfix_migration.TestT7SOSRejectsLegacyField" name="test_legacy_fall_detected_returns_422" time="0.063" /><testcase classname="backend.tests.test_build50_hotfix_migration.TestT7SOSRejectsLegacyField" name="test_completely_bogus_field_also_rejected" time="0.068" /><testcase classname="backend.tests.test_build50_hotfix_migration.TestT8DeleteAllAlerts" name="test_delete_all_alerts_smoke" time="0.129" /></testsuite></testsuites>