<?xml version="1.0" encoding="utf-8"?><testsuites name="pytest tests"><testsuite name="pytest" errors="0" failures="0" skipped="0" tests="12" time="4.586" timestamp="2026-06-23T20:09:16.781264+00:00" hostname="agent-env-1bd81832-ae7c-4fbf-92a0-7b763ef2f527"><testcase classname="backend.tests.test_iter9_v133.TestRefreshTracesEndpoint" name="test_requires_auth" time="0.321" /><testcase classname="backend.tests.test_iter9_v133.TestRefreshTracesEndpoint" name="test_returns_envelope_shape" time="0.115" /><testcase classname="backend.tests.test_iter9_v133.TestRefreshTracesEndpoint" name="test_limit_query_param_is_respected" time="0.139" /><testcase classname="backend.tests.test_iter9_v133.TestGetPreferences" name="test_requires_auth" time="0.142" /><testcase classname="backend.tests.test_iter9_v133.TestGetPreferences" name="test_default_shape" time="1.263" /><testcase classname="backend.tests.test_iter9_v133.TestPutPreferences" name="test_requires_auth" time="0.104" /><testcase classname="backend.tests.test_iter9_v133.TestPutPreferences" name="test_rejects_invalid_time" time="0.138" /><testcase classname="backend.tests.test_iter9_v133.TestPutPreferences" name="test_accepts_and_persists" time="0.407" /><testcase classname="backend.tests.test_iter9_v133.TestQuietHoursPushGate" name="test_non_emergency_push_is_suppressed" time="0.365" /><testcase classname="backend.tests.test_iter9_v133.TestQuietHoursPushGate" name="test_emergency_sos_bypasses_quiet_hours" time="0.152" /><testcase classname="backend.tests.test_iter9_v133.TestRequestLocationRefreshTrace" name="test_response_has_request_id_and_trace_written" time="0.657" /><testcase classname="backend.tests.test_iter9_v133.TestRefreshTraceIsolation" name="test_alice_does_not_see_bob_traces" time="0.702" /></testsuite></testsuites>