<?xml version="1.0" encoding="utf-8"?><testsuites name="pytest tests"><testsuite name="pytest" errors="0" failures="1" skipped="0" tests="17" time="7.507" timestamp="2026-07-04T21:45:29.503540+00:00" hostname="agent-env-1bd81832-ae7c-4fbf-92a0-7b763ef2f527"><testcase classname="backend.tests.test_build57_privacy_indicator.TestPrivacyPropagation" name="test_toggle_off_propagates_and_logs" time="1.857" /><testcase classname="backend.tests.test_build57_privacy_indicator.TestPrivacyPropagation" name="test_no_fg_constraint_edge_case" time="1.915" /><testcase classname="backend.tests.test_build57_privacy_indicator.TestStartupMigrations" name="test_backfill_log_present" time="0.000" /><testcase classname="backend.tests.test_build57_privacy_indicator.TestStartupMigrations" name="test_consistency_sweep_ran_when_applicable" time="0.000" /><testcase classname="backend.tests.test_build56_privacy_propagation.TestLocationSharingPropagation" name="test_baseline_members_include_flag_default_true" time="0.365" /><testcase classname="backend.tests.test_build56_privacy_propagation.TestLocationSharingPropagation" name="test_toggle_off_propagates_to_own_member" time="0.941" /><testcase classname="backend.tests.test_build56_privacy_propagation.TestLocationSharingPropagation" name="test_toggle_on_restores_flag_but_not_coords" time="0.328" /><testcase classname="backend.tests.test_build56_privacy_propagation.TestLocationUploadPrivacyBelt" name="test_upload_suppressed_when_own_sharing_off" time="0.553" /><testcase classname="backend.tests.test_build56_privacy_propagation.TestLocationUploadPrivacyBelt" name="test_upload_works_when_sharing_on" time="0.225" /><testcase classname="backend.tests.test_build56_privacy_propagation.TestBlankPushDefense" name="test_would_render_blank_rules" time="0.000"><failure message="ModuleNotFoundError: No module named 'backend'">backend/tests/test_build56_privacy_propagation.py:295: in test_would_render_blank_rules
    from backend.expo_push import _would_render_blank
E   ModuleNotFoundError: No module named 'backend'</failure></testcase><testcase classname="backend.tests.test_build56_privacy_propagation.TestRefreshTraceHygiene" name="test_member_not_found_not_traced" time="0.185" /><testcase classname="backend.tests.test_build56_privacy_propagation.TestBuild55Regression" name="test_patch_auth_me_partial" time="0.091" /><testcase classname="backend.tests.test_build56_privacy_propagation.TestBuild55Regression" name="test_patch_auth_me_rejects_short_name" time="0.118" /><testcase classname="backend.tests.test_build56_privacy_propagation.TestBuild55Regression" name="test_patch_auth_me_rejects_bad_tz" time="0.098" /><testcase classname="backend.tests.test_build56_privacy_propagation.TestBuild55Regression" name="test_get_prefs_contains_all_fields" time="0.141" /><testcase classname="backend.tests.test_build56_privacy_propagation.TestBuild55Regression" name="test_put_prefs_quiet_hours_only_preserves_location_sharing" time="0.291" /><testcase classname="backend.tests.test_build56_privacy_propagation.TestBuild55Regression" name="test_put_prefs_both_together" time="0.291" /></testsuite></testsuites>