<?xml version="1.0" encoding="utf-8"?><testsuites name="pytest tests"><testsuite name="pytest" errors="0" failures="0" skipped="0" tests="18" time="1.130" timestamp="2026-07-03T21:36:18.642851+00:00" hostname="agent-env-1bd81832-ae7c-4fbf-92a0-7b763ef2f527"><testcase classname="backend.tests.test_build55_me_profile_prefs.TestPatchAuthMe" name="test_reject_name_too_short" time="0.009" /><testcase classname="backend.tests.test_build55_me_profile_prefs.TestPatchAuthMe" name="test_reject_name_too_long" time="0.003" /><testcase classname="backend.tests.test_build55_me_profile_prefs.TestPatchAuthMe" name="test_reject_invalid_timezone" time="0.002" /><testcase classname="backend.tests.test_build55_me_profile_prefs.TestPatchAuthMe" name="test_update_full_name_only" time="0.004" /><testcase classname="backend.tests.test_build55_me_profile_prefs.TestPatchAuthMe" name="test_update_timezone_only" time="0.009" /><testcase classname="backend.tests.test_build55_me_profile_prefs.TestPatchAuthMe" name="test_update_both_fields" time="0.003" /><testcase classname="backend.tests.test_build55_me_profile_prefs.TestPatchAuthMe" name="test_empty_body_is_noop" time="0.002" /><testcase classname="backend.tests.test_build55_me_profile_prefs.TestPatchAuthMe" name="test_name_whitespace_trim" time="0.002" /><testcase classname="backend.tests.test_build55_me_profile_prefs.TestPatchAuthMe" name="test_requires_auth" time="0.001" /><testcase classname="backend.tests.test_build55_me_profile_prefs.TestPreferencesLocationSharing" name="test_get_returns_location_sharing_field" time="0.002" /><testcase classname="backend.tests.test_build55_me_profile_prefs.TestPreferencesLocationSharing" name="test_put_partial_location_sharing_only" time="0.006" /><testcase classname="backend.tests.test_build55_me_profile_prefs.TestPreferencesLocationSharing" name="test_put_partial_quiet_hours_only_preserves_location_sharing" time="0.006" /><testcase classname="backend.tests.test_build55_me_profile_prefs.TestPreferencesLocationSharing" name="test_put_both_fields" time="0.002" /><testcase classname="backend.tests.test_build55_me_profile_prefs.TestPreferencesLocationSharing" name="test_requires_auth" time="0.002" /><testcase classname="backend.tests.test_build55_me_profile_prefs.TestRegression" name="test_get_auth_me" time="0.002" /><testcase classname="backend.tests.test_build55_me_profile_prefs.TestRegression" name="test_put_auth_timezone" time="0.002" /><testcase classname="backend.tests.test_build55_me_profile_prefs.TestRegression" name="test_put_auth_timezone_invalid" time="0.002" /><testcase classname="backend.tests.test_build55_me_profile_prefs.TestRegression" name="test_otp_signup_roundtrip_creates_fresh_user" time="0.991" /></testsuite></testsuites>