<?xml version="1.0" encoding="utf-8"?><testsuites name="pytest tests"><testsuite name="pytest" errors="0" failures="0" skipped="0" tests="8" time="3.800" timestamp="2026-07-05T19:19:53.255220+00:00" hostname="agent-env-1bd81832-ae7c-4fbf-92a0-7b763ef2f527"><testcase classname="backend.tests.test_build58_refresh_pipeline.TestCaseA_SharingOffShortCircuit" name="test_target_sharing_off_skips_push" time="0.918" /><testcase classname="backend.tests.test_build58_refresh_pipeline.TestCaseB_NormalPriorityRefresh" name="test_refresh_sends_with_priority_normal" time="0.740" /><testcase classname="backend.tests.test_build58_refresh_pipeline.TestCaseB_NormalPriorityRefresh" name="test_refresh_uses_silent_data_only_payload_shape" time="0.001" /><testcase classname="backend.tests.test_build58_refresh_pipeline.TestCaseC_HighPriorityDefaultsPreserved" name="test_send_expo_push_default_priority_is_high" time="0.034" /><testcase classname="backend.tests.test_build58_refresh_pipeline.TestCaseC_HighPriorityDefaultsPreserved" name="test_no_other_caller_passes_priority" time="0.001" /><testcase classname="backend.tests.test_build58_refresh_pipeline.TestCaseD_NoUserLink" name="test_unlinked_member_returns_no_user_link" time="0.677" /><testcase classname="backend.tests.test_build58_refresh_pipeline.TestCaseE_Throttle" name="test_second_refresh_within_30s_is_throttled" time="0.893" /><testcase classname="backend.tests.test_build58_refresh_pipeline.TestCaseF_MemberNotFoundQuiet" name="test_unknown_member_returns_404_and_is_quiet_in_stage_log" time="0.449" /></testsuite></testsuites>