<?xml version="1.0" encoding="utf-8"?><testsuites name="pytest tests"><testsuite name="pytest" errors="0" failures="1" skipped="0" tests="7" time="1.097" timestamp="2026-07-01T21:29:43.388121+00:00" hostname="agent-env-1bd81832-ae7c-4fbf-92a0-7b763ef2f527"><testcase classname="backend.tests.test_build50_sos_resolve.TestSOSCleanPayload" name="test_sos_accepts_payload_without_fall_detected" time="0.198" /><testcase classname="backend.tests.test_build50_sos_resolve.TestSOSLegacyRejected" name="test_sos_rejects_legacy_fall_detected_key" time="0.057"><failure message="AssertionError: Legacy payload with fall_detected should be REJECTED with 422 (Pydantic extra='forbid'). Got 200: {&quot;ok&quot;:true,&quot;alert_id&quot;:&quot;c0b80b19-067e-4cce-b4f2-e101650125f5&quot;,&quot;emergency_number&quot;:&quot;911&quot;,&quot;timestamp&quot;:&quot;2026-07-01T21:29:43.755963+00:00&quot;,&quot;member_name&quot;:&quot;Alice FE-Test&quot;,&quot;triggered_by_name&quot;:&quot;Alice FE-Test&quot;,&quot;family_group_id&quot;:&quot;5e214a2f-c794-4649-bbd0-f42fbf2c32da&quot;,&quot;coordinates&quot;:{&quot;latitude&quot;:12.34,&quot;longitude&quot;:56.78},&quot;fanout_mode&quot;:&quot;background&quot;,&quot;sms_mode&quot;:&quot;mock&quot;}&#10;assert 200 == 422&#10; +  where 200 = &lt;Response [200]&gt;.status_code">backend/tests/test_build50_sos_resolve.py:135: in test_sos_rejects_legacy_fall_detected_key
    assert r.status_code == 422, (
E   AssertionError: Legacy payload with fall_detected should be REJECTED with 422 (Pydantic extra='forbid'). Got 200: {"ok":true,"alert_id":"c0b80b19-067e-4cce-b4f2-e101650125f5","emergency_number":"911","timestamp":"2026-07-01T21:29:43.755963+00:00","member_name":"Alice FE-Test","triggered_by_name":"Alice FE-Test","family_group_id":"5e214a2f-c794-4649-bbd0-f42fbf2c32da","coordinates":{"latitude":12.34,"longitude":56.78},"fanout_mode":"background","sms_mode":"mock"}
E   assert 200 == 422
E    +  where 200 = &lt;Response [200]&gt;.status_code</failure></testcase><testcase classname="backend.tests.test_build50_sos_resolve.TestResolveHappyPath" name="test_resolve_marks_alert_and_is_idempotent" time="0.202" /><testcase classname="backend.tests.test_build50_sos_resolve.TestResolveBogusId" name="test_resolve_returns_404_for_unknown_alert" time="0.062" /><testcase classname="backend.tests.test_build50_sos_resolve.TestResolveCrossTenant" name="test_resolve_cross_tenant_returns_404" time="0.068" /><testcase classname="backend.tests.test_build50_sos_resolve.TestAlertsListShape" name="test_get_alerts_exposes_resolved_fields" time="0.140" /><testcase classname="backend.tests.test_build50_sos_resolve.TestAckStillWorks" name="test_ack_endpoint_regression" time="0.204" /></testsuite></testsuites>