<?xml version="1.0" encoding="utf-8"?><testsuites name="pytest tests"><testsuite name="pytest" errors="0" failures="0" skipped="0" tests="4" time="7.326" timestamp="2026-07-07T21:03:38.498616+00:00" hostname="agent-env-1bd81832-ae7c-4fbf-92a0-7b763ef2f527"><testcase classname="backend.tests.test_build59_http_invite_acceptance.TestPathA_ExistingUserJoin" name="test_path_a_end_to_end" time="2.064" /><testcase classname="backend.tests.test_build59_http_invite_acceptance.TestPathB_BrandNewSignupWithInvite" name="test_path_b_end_to_end" time="1.792" /><testcase classname="backend.tests.test_build59_http_invite_acceptance.TestAutoBindPreservation" name="test_placeholder_row_preserved" time="1.715" /><testcase classname="backend.tests.test_build59_http_invite_acceptance.TestLocationSharingDefault" name="test_default_true_on_join" time="1.613" /></testsuite></testsuites>