<?xml version="1.0" encoding="utf-8"?><testsuites name="pytest tests"><testsuite name="pytest" errors="0" failures="0" skipped="0" tests="13" time="2.431" timestamp="2026-05-11T23:30:15.253464+00:00" hostname="agent-env-1bd81832-ae7c-4fbf-92a0-7b763ef2f527"><testcase classname="backend.tests.test_kinnectcare.TestAuth" name="test_signup_seeds_data" time="0.655" /><testcase classname="backend.tests.test_kinnectcare.TestAuth" name="test_login_success" time="0.267" /><testcase classname="backend.tests.test_kinnectcare.TestAuth" name="test_login_invalid" time="0.267" /><testcase classname="backend.tests.test_kinnectcare.TestAuth" name="test_me" time="0.046" /><testcase classname="backend.tests.test_kinnectcare.TestAuth" name="test_me_unauthorized" time="0.045" /><testcase classname="backend.tests.test_kinnectcare.TestAuth" name="test_signup_duplicate" time="0.048" /><testcase classname="backend.tests.test_kinnectcare.TestMembers" name="test_create_member_and_persist" time="0.102" /><testcase classname="backend.tests.test_kinnectcare.TestMembers" name="test_update_location" time="0.088" /><testcase classname="backend.tests.test_kinnectcare.TestMembers" name="test_delete_member" time="0.132" /><testcase classname="backend.tests.test_kinnectcare.TestAlerts" name="test_list_and_ack" time="0.151" /><testcase classname="backend.tests.test_kinnectcare.TestReminders" name="test_list_and_member_filter_and_toggle" time="0.155" /><testcase classname="backend.tests.test_kinnectcare.TestCheckins" name="test_checkin_sets_healthy" time="0.162" /><testcase classname="backend.tests.test_kinnectcare.TestSOS" name="test_sos_creates_alert" time="0.141" /></testsuite></testsuites>